mktextfm phvb
mktextfm ptmr7t
mktextfm ptmr7t
mktextfm ptmrc7t
mktextfm ptmb7t
mktextfm ptmr7t
mktextfm ptmrc7t
mktextfm ptmrc7t
mktextfm pcrr7t
mktextfm ptmr7t
mktextfm ptmr7t
mktextfm ptmr7t
mktextfm ptmri7t
mktextfm phvb7t
mktextfm nullfont
mktextfm phvb7t
mktextfm nullfont
mktextfm phvb7t
mktextfm nullfont
mktextfm ptmr7t
mktextfm phvro7t
mktextfm phvro7t
mktextfm phvro7t
mktextfm phvb
mktextfm phvb
mktextfm phvb
mktextfm phvb
mktextfm phvb
mktextfm phvb
mktextfm phvb
mktextfm phvb
mktextfm phvb
mktextfm phvb
mktextfm phvb
mktextfm phvb
mktextfm phvb
mktextfm phvb
mktextfm phvb
mktextfm phvb
mktextfm phvb
mktextfm phvb
mktextfm phvb
mktextfm phvb
